<?xml version="1.0" encoding="UTF-8"?>
<testsuite xmlns:xsi="http://www.w3.org/2001/XMLSchema-instance" xsi:noNamespaceSchemaLocation="https://maven.apache.org/surefire/maven-surefire-plugin/xsd/surefire-test-report.xsd" name="org.example.lab3.task2.useChainServiceTest" time="0.003" tests="1" errors="0" skipped="0" failures="1">
  <properties>
[...]
</properties>
  <testcase name="main" classname="org.example.lab3.task2.useChainServiceTest" time="0.001">
    <failure message="expected: &lt;hfhfhf-dhdhdhdhf-ayeye76&gt; but was: &lt;hfhfhfdhdhdhdhf-ayeye76&gt;" type="org.opentest4j.AssertionFailedError"><![CDATA[org.opentest4j.AssertionFailedError: expected: <hfhfhf-dhdhdhdhf-ayeye76> but was: <hfhfhfdhdhdhdhf-ayeye76>
	at org.example.lab3.task2.useChainServiceTest.main(useChainServiceTest.java:17)
]]></failure>
  </testcase>
</testsuite>